2025-10-01 03:51:10,947 - SECURITY - WARNING - {"timestamp": "2025-09-30T22:21:10.947661", "event_type": "authentication_attempt", "user": "suyashjtiwari@outlook.com", "success": false, "details": {"email": "suyashjtiwari@outlook.com", "failure_reason": "Invalid credentials"}}
2025-10-01 03:52:18,007 - SECURITY - WARNING - {"timestamp": "2025-09-30T22:22:18.007502", "event_type": "user_registration", "user": "suyashjtiwari@outlook.com", "success": false, "details": {"email": "suyashjtiwari@outlook.com", "role": "Admin", "failure_reason": "password cannot be longer than 72 bytes, truncate manually if necessary (e.g. my_password[:72])"}}
2025-10-01 04:07:59,840 - SECURITY - WARNING - {"timestamp": "2025-09-30T22:37:59.840878", "event_type": "user_registration", "user": "testuser@example.com", "success": false, "details": {"email": "testuser@example.com", "role": "Patient", "failure_reason": "Password hashing failed: Password hashing failed: password cannot be longer than 72 bytes, truncate manually if necessary (e.g. my_password[:72])"}}
2025-10-01 04:07:59,844 - SECURITY - WARNING - {"timestamp": "2025-09-30T22:37:59.844049", "event_type": "authentication_attempt", "user": "testuser@example.com", "success": false, "details": {"email": "testuser@example.com", "failure_reason": "Invalid credentials"}}
2025-10-01 04:11:29,744 - SECURITY - INFO - {"timestamp": "2025-09-30T22:41:29.744484", "event_type": "user_registration", "user": "testuser@example.com", "success": true, "details": {"email": "testuser@example.com", "role": "Patient"}}
2025-10-01 04:11:29,949 - SECURITY - INFO - {"timestamp": "2025-09-30T22:41:29.949711", "event_type": "authentication_attempt", "user": "testuser@example.com", "success": true, "details": {"email": "testuser@example.com"}}
2025-10-01 04:18:44,508 - SECURITY - INFO - {"timestamp": "2025-09-30T22:48:44.507979", "event_type": "user_registration", "user": "testuser@example.com", "success": true, "details": {"email": "testuser@example.com", "role": "Patient"}}
2025-10-01 04:18:44,716 - SECURITY - INFO - {"timestamp": "2025-09-30T22:48:44.716494", "event_type": "authentication_attempt", "user": "testuser@example.com", "success": true, "details": {"email": "testuser@example.com"}}
2025-10-01 04:19:13,898 - SECURITY - INFO - {"timestamp": "2025-09-30T22:49:13.898063", "event_type": "user_registration", "user": "testuser@example.com", "success": true, "details": {"email": "testuser@example.com", "role": "Patient"}}
2025-10-01 04:19:14,107 - SECURITY - INFO - {"timestamp": "2025-09-30T22:49:14.107164", "event_type": "authentication_attempt", "user": "testuser@example.com", "success": true, "details": {"email": "testuser@example.com"}}
2025-10-01 04:25:19,618 - SECURITY - INFO - {"timestamp": "2025-09-30T22:55:19.618483", "event_type": "user_registration", "user": "suyashjtiwari@outlook.com", "success": true, "details": {"email": "suyashjtiwari@outlook.com", "role": "Patient"}}
2025-10-01 04:25:39,795 - SECURITY - INFO - {"timestamp": "2025-09-30T22:55:39.795606", "event_type": "authentication_attempt", "user": "suyashjtiwari@outlook.com", "success": true, "details": {"email": "suyashjtiwari@outlook.com"}}
2025-10-01 04:37:56,963 - SECURITY - INFO - {"timestamp": "2025-09-30T23:07:56.963767", "event_type": "user_registration", "user": "testuser2@example.com", "success": true, "details": {"email": "testuser2@example.com", "role": "Patient"}}
2025-10-01 04:37:57,169 - SECURITY - INFO - {"timestamp": "2025-09-30T23:07:57.169069", "event_type": "authentication_attempt", "user": "testuser2@example.com", "success": true, "details": {"email": "testuser2@example.com"}}
2025-10-01 04:40:44,053 - SECURITY - WARNING - {"timestamp": "2025-09-30T23:10:44.052984", "event_type": "authentication_attempt", "user": "suyashjtiwari@outlook.com", "success": false, "details": {"email": "suyashjtiwari@outlook.com", "failure_reason": "Invalid credentials"}}
2025-10-01 04:43:23,627 - SECURITY - INFO - {"timestamp": "2025-09-30T23:13:23.627270", "event_type": "user_registration", "user": "suyashtiwari7272@gmail.com", "success": true, "details": {"email": "suyashtiwari7272@gmail.com", "role": "Patient"}}
2025-10-01 04:44:14,168 - SECURITY - INFO - {"timestamp": "2025-09-30T23:14:14.168784", "event_type": "authentication_attempt", "user": "suyashtiwari7272@gmail.com", "success": true, "details": {"email": "suyashtiwari7272@gmail.com"}}
2025-10-01 04:49:37,905 - SECURITY - WARNING - {"timestamp": "2025-09-30T23:19:37.905174", "event_type": "authentication_attempt", "user": "testuser2@example.com", "success": false, "details": {"email": "testuser2@example.com", "failure_reason": "Invalid credentials"}}
2025-10-01 04:50:18,943 - SECURITY - INFO - {"timestamp": "2025-09-30T23:20:18.943287", "event_type": "user_registration", "user": "testuser3@example.com", "success": true, "details": {"email": "testuser3@example.com", "role": "Patient"}}
2025-10-01 04:50:19,151 - SECURITY - INFO - {"timestamp": "2025-09-30T23:20:19.150984", "event_type": "authentication_attempt", "user": "testuser3@example.com", "success": true, "details": {"email": "testuser3@example.com"}}
2025-10-01 04:50:27,267 - SECURITY - INFO - {"timestamp": "2025-09-30T23:20:27.267434", "event_type": "user_registration", "user": "testuser3@example.com", "success": true, "details": {"email": "testuser3@example.com", "role": "Patient"}}
2025-10-01 04:50:27,471 - SECURITY - INFO - {"timestamp": "2025-09-30T23:20:27.471303", "event_type": "authentication_attempt", "user": "testuser3@example.com", "success": true, "details": {"email": "testuser3@example.com"}}
2025-10-01 13:45:09,337 - SECURITY - INFO - {"timestamp": "2025-10-01T08:15:09.337219", "event_type": "user_registration", "user": "suyashtiwari7272@gmail.com", "success": true, "details": {"email": "suyashtiwari7272@gmail.com", "role": "Patient"}}
2025-10-01 13:45:40,105 - SECURITY - INFO - {"timestamp": "2025-10-01T08:15:40.105458", "event_type": "authentication_attempt", "user": "suyashtiwari7272@gmail.com", "success": true, "details": {"email": "suyashtiwari7272@gmail.com"}}
2025-10-01 13:55:05,896 - SECURITY - INFO - {"timestamp": "2025-10-01T08:25:05.896469", "event_type": "user_registration", "user": "fixedtest@example.com", "success": true, "details": {"email": "fixedtest@example.com", "role": "Patient"}}
2025-10-01 13:55:06,295 - SECURITY - INFO - {"timestamp": "2025-10-01T08:25:06.295801", "event_type": "authentication_attempt", "user": "fixedtest@example.com", "success": true, "details": {"email": "fixedtest@example.com"}}
2025-10-01 13:56:02,650 - SECURITY - WARNING - {"timestamp": "2025-10-01T08:26:02.649945", "event_type": "authentication_attempt", "user": "bapariv106@protonza.com", "success": false, "details": {"email": "bapariv106@protonza.com", "failure_reason": "Invalid credentials"}}
2025-10-01 13:56:30,442 - SECURITY - WARNING - {"timestamp": "2025-10-01T08:26:30.442478", "event_type": "user_registration", "user": "bapariv106@protonza.com", "success": false, "details": {"email": "bapariv106@protonza.com", "role": "Patient", "failure_reason": "Password validation failed: Password must contain at least one uppercase letter, lowercase letter, digit, and special character"}}
2025-10-01 13:56:51,991 - SECURITY - INFO - {"timestamp": "2025-10-01T08:26:51.991737", "event_type": "user_registration", "user": "bapariv106@protonza.com", "success": true, "details": {"email": "bapariv106@protonza.com", "role": "Patient"}}
2025-10-01 13:57:06,797 - SECURITY - INFO - {"timestamp": "2025-10-01T08:27:06.797217", "event_type": "authentication_attempt", "user": "bapariv106@protonza.com", "success": true, "details": {"email": "bapariv106@protonza.com"}}
